<?xml version="1.0" encoding="UTF-8"?>
<!-- Generated by org.testng.reporters.JUnitReportReporter -->
<testsuite hostname="DESKTOP-7AFNIIK" failures="0" tests="1" name="cucumber.TestNGTestRunner" time="5.169" errors="0" timestamp="2025-06-21T08:22:02 IST" skipped="0">
  <testcase classname="cucumber.TestNGTestRunner" name="runScenario" time="5.169"/>
</testsuite> <!-- cucumber.TestNGTestRunner -->
