<?xml version="1.0" encoding="UTF-8"?>
<!-- Generated by org.testng.reporters.JUnitReportReporter -->
<testsuite hostname="DESKTOP-7AFNIIK" failures="0" tests="2" name="rahulshetyacademy.tests.ErrorValidationsTest" time="18.049" errors="0" timestamp="2025-06-18T23:30:31 IST" skipped="0">
  <testcase classname="rahulshetyacademy.tests.ErrorValidationsTest" name="ProductErrorValidation" time="16.087"/>
  <testcase classname="rahulshetyacademy.tests.ErrorValidationsTest" name="submitOrder" time="1.962"/>
</testsuite> <!-- rahulshetyacademy.tests.ErrorValidationsTest -->
