<?xml version="1.0" encoding="UTF-8"?>
<!-- Generated by org.testng.reporters.JUnitReportReporter -->
<testsuite hostname="DESKTOP-7AFNIIK" failures="0" tests="1" name="cucumber.TestNGTestRunner" time="6.262" errors="0" timestamp="2025-06-20T23:14:33 IST" skipped="0">
  <testcase classname="cucumber.TestNGTestRunner" name="runScenario" time="6.262"/>
</testsuite> <!-- cucumber.TestNGTestRunner -->
